<?xml version="1.0" encoding="utf-8"?><testsuites name="pytest tests"><testsuite name="pytest" errors="0" failures="0" skipped="0" tests="27" time="2.864" timestamp="2026-05-26T18:25:12.933200+00:00" hostname="agent-env-fa4f4e97-129b-485e-99e1-21195065ea65"><testcase classname="backend.tests.backend_test" name="test_health" time="0.680" /><testcase classname="backend.tests.backend_test" name="test_get_profile" time="0.056" /><testcase classname="backend.tests.backend_test" name="test_dashboard_summary" time="0.063" /><testcase classname="backend.tests.backend_test" name="test_list_clients" time="0.057" /><testcase classname="backend.tests.backend_test" name="test_clients_search" time="0.056" /><testcase classname="backend.tests.backend_test" name="test_clients_health_filter" time="0.059" /><testcase classname="backend.tests.backend_test" name="test_get_client_detail" time="0.054" /><testcase classname="backend.tests.backend_test" name="test_get_client_not_found" time="0.052" /><testcase classname="backend.tests.backend_test" name="test_list_documents" time="0.053" /><testcase classname="backend.tests.backend_test" name="test_documents_filter_by_client" time="0.057" /><testcase classname="backend.tests.backend_test" name="test_upload_document" time="0.144" /><testcase classname="backend.tests.backend_test" name="test_upload_invalid_doctype" time="0.158" /><testcase classname="backend.tests.backend_test" name="test_gst_recon_summary" time="0.057" /><testcase classname="backend.tests.backend_test" name="test_gst_mismatches" time="0.058" /><testcase classname="backend.tests.backend_test" name="test_gst_mismatches_filter" time="0.053" /><testcase classname="backend.tests.backend_test" name="test_resolve_mismatch" time="0.173" /><testcase classname="backend.tests.backend_test" name="test_resolve_mismatch_404" time="0.059" /><testcase classname="backend.tests.backend_test" name="test_tds_summary" time="0.058" /><testcase classname="backend.tests.backend_test" name="test_tds_missed" time="0.054" /><testcase classname="backend.tests.backend_test" name="test_tds_vendors" time="0.055" /><testcase classname="backend.tests.backend_test" name="test_compliance_calendar" time="0.063" /><testcase classname="backend.tests.backend_test" name="test_mark_filed" time="0.156" /><testcase classname="backend.tests.backend_test" name="test_mark_filed_404" time="0.067" /><testcase classname="backend.tests.backend_test" name="test_update_profile" time="0.060" /><testcase classname="backend.tests.backend_test" name="test_update_profile_no_fields" time="0.057" /><testcase classname="backend.tests.backend_test" name="test_update_alerts" time="0.120" /><testcase classname="backend.tests.backend_test" name="test_seed_reset" time="0.137" /></testsuite></testsuites>